Copyright 1986-2022 Xilinx, Inc. All Rights Reserved. Copyright 2022-2023 Advanced Micro Devices, Inc. All Rights Reserved.
---------------------------------------------------------------------------------------------------------------------------------------------
| Tool Version : Vivado v.2023.2 (win64) Build 4029153 Fri Oct 13 20:14:34 MDT 2023
| Date         : Thu Jun  6 17:41:58 2024
| Host         : DESKTOP-1U5LP56 running 64-bit major release  (build 9200)
| Command      : report_control_sets -verbose -file display_control_sets_placed.rpt
| Design       : display
| Device       : xc7k160t
---------------------------------------------------------------------------------------------------------------------------------------------

Control Set Information

Table of Contents
-----------------
1. Summary
2. Histogram
3. Flip-Flop Distribution
4. Detailed Control Set Information

1. Summary
----------

+----------------------------------------------------------+-------+
|                          Status                          | Count |
+----------------------------------------------------------+-------+
| Total control sets                                       |     5 |
|    Minimum number of control sets                        |     5 |
|    Addition due to synthesis replication                 |     0 |
|    Addition due to physical synthesis replication        |     0 |
| Unused register locations in slices containing registers |    26 |
+----------------------------------------------------------+-------+
* Control sets can be merged at opt_design using control_set_merge or merge_equivalent_drivers
** Run report_qor_suggestions for automated merging and remapping suggestions


2. Histogram
------------

+--------------------+-------+
|       Fanout       | Count |
+--------------------+-------+
| Total control sets |     5 |
| >= 0 to < 4        |     2 |
| >= 4 to < 6        |     1 |
| >= 6 to < 8        |     0 |
| >= 8 to < 10       |     0 |
| >= 10 to < 12      |     2 |
| >= 12 to < 14      |     0 |
| >= 14 to < 16      |     0 |
| >= 16              |     0 |
+--------------------+-------+
* Control sets can be remapped at either synth_design or opt_design


3. Flip-Flop Distribution
-------------------------

+--------------+-----------------------+------------------------+-----------------+--------------+
| Clock Enable | Synchronous Set/Reset | Asynchronous Set/Reset | Total Registers | Total Slices |
+--------------+-----------------------+------------------------+-----------------+--------------+
| No           | No                    | No                     |               3 |            3 |
| No           | No                    | Yes                    |               3 |            1 |
| No           | Yes                   | No                     |              14 |            5 |
| Yes          | No                    | No                     |               0 |            0 |
| Yes          | No                    | Yes                    |              10 |            3 |
| Yes          | Yes                   | No                     |               0 |            0 |
+--------------+-----------------------+------------------------+-----------------+--------------+


4. Detailed Control Set Information
-----------------------------------

+----------------+------------------+-----------------------------+------------------+----------------+--------------+
|  Clock Signal  |   Enable Signal  |       Set/Reset Signal      | Slice Load Count | Bel Load Count | Bels / Slice |
+----------------+------------------+-----------------------------+------------------+----------------+--------------+
|  vga_clk       |                  |                             |                3 |              3 |         1.00 |
|  clk_IBUF_BUFG |                  | rst_IBUF                    |                1 |              3 |         3.00 |
|  vga_clk       |                  | vga_sync/rdn                |                2 |              4 |         2.00 |
|  vga_clk       |                  | vga_sync/h_count[9]_i_1_n_0 |                3 |             10 |         3.33 |
|  vga_clk       | vga_sync/v_count | rst_IBUF                    |                3 |             10 |         3.33 |
+----------------+------------------+-----------------------------+------------------+----------------+--------------+


